Start testing: Sep 19 14:47 Paris, Madrid (heure d’été)
----------------------------------------------------------
1/2 Testing: test-hello
1/2 Test: test-hello
Command: "C:/Users/e4997u/Documents/tests/build/Debug/test_hello.exe"
Directory: C:/Users/e4997u/Documents/tests/build
"test-hello" start time: Sep 19 14:47 Paris, Madrid (heure d’été)
Output:
----------------------------------------------------------
Hello World
<end of output>
Test time =   0.03 sec
----------------------------------------------------------
Test Passed.
"test-hello" end time: Sep 19 14:47 Paris, Madrid (heure d’été)
"test-hello" time elapsed: 00:00:00
----------------------------------------------------------

2/2 Testing: test-version
2/2 Test: test-version
Command: "C:/Users/e4997u/Documents/tests/build/Debug/test_version.exe"
Directory: C:/Users/e4997u/Documents/tests/build
"test-version" start time: Sep 19 14:47 Paris, Madrid (heure d’été)
Output:
----------------------------------------------------------
Project version is 1.0
<end of output>
Test time =   0.05 sec
----------------------------------------------------------
Test Passed.
"test-version" end time: Sep 19 14:47 Paris, Madrid (heure d’été)
"test-version" time elapsed: 00:00:00
----------------------------------------------------------

End testing: Sep 19 14:47 Paris, Madrid (heure d’été)
